[2026-03-21T03:36:55.178Z] GET https://kelverssg.github.io/ → pending (?ms, ?B)
[2026-03-21T03:37:14.052Z] GET https://kelverssg.github.io/vault-sim/ → 200 (308ms, ?B)
[2026-03-21T03:37:14.445Z] GET https://kelverssg.github.io/vault-sim/vault-state.json?t=1774064234298 → pending (?ms, ?B)
[2026-03-21T03:37:14.446Z] GET https://kelverssg.github.io/vault-sim/sprites-characters-t.png → pending (?ms, ?B)
[2026-03-21T03:37:14.447Z] GET https://kelverssg.github.io/vault-sim/sprites-beasts.png → pending (?ms, ?B)
[2026-03-21T03:38:14.385Z] GET https://kelverssg.github.io/vault-sim/vault-state.json?t=1774064294307 → 200 (294ms, 329B)
[2026-03-21T03:39:14.368Z] GET https://kelverssg.github.io/vault-sim/vault-state.json?t=1774064354308 → 200 (311ms, 329B)
[2026-03-21T03:40:14.401Z] GET https://kelverssg.github.io/vault-sim/vault-state.json?t=1774064414310 → 200 (296ms, 329B)
[2026-03-21T03:41:14.369Z] GET https://kelverssg.github.io/vault-sim/vault-state.json?t=1774064474309 → pending (?ms, ?B)
[2026-03-21T03:42:14.469Z] GET https://kelverssg.github.io/vault-sim/vault-state.json?t=1774064534316 → pending (?ms, ?B)
[2026-03-21T03:43:14.430Z] GET https://kelverssg.github.io/vault-sim/vault-state.json?t=1774064594310 → pending (?ms, ?B)
[2026-03-21T03:44:14.689Z] GET https://kelverssg.github.io/vault-sim/vault-state.json?t=1774064654309 → pending (?ms, ?B)
[2026-03-21T03:45:14.471Z] GET https://kelverssg.github.io/vault-sim/vault-state.json?t=1774064714312 → 200 (271ms, 329B)
[2026-03-21T03:46:14.408Z] GET https://kelverssg.github.io/vault-sim/vault-state.json?t=1774064774309 → 200 (335ms, 329B)
[2026-03-21T03:47:14.649Z] GET https://kelverssg.github.io/vault-sim/vault-state.json?t=1774064834309 → 200 (138ms, ?B)
[2026-03-21T03:48:14.585Z] GET https://kelverssg.github.io/vault-sim/vault-state.json?t=1774064894310 → 200 (99ms, 329B)
[2026-03-21T03:49:14.506Z] GET https://kelverssg.github.io/vault-sim/vault-state.json?t=1774064954309 → pending (?ms, ?B)
[2026-03-21T03:50:14.412Z] GET https://kelverssg.github.io/vault-sim/vault-state.json?t=1774065014309 → 200 (263ms, ?B)
[2026-03-21T03:51:14.444Z] GET https://kelverssg.github.io/vault-sim/vault-state.json?t=1774065074309 → 200 (336ms, ?B)
[2026-03-21T03:52:14.906Z] GET https://kelverssg.github.io/vault-sim/vault-state.json?t=1774065134318 → pending (?ms, ?B)
[2026-03-21T03:53:14.565Z] GET https://kelverssg.github.io/vault-sim/vault-state.json?t=1774065194314 → pending (?ms, ?B)
[2026-03-21T03:54:14.525Z] GET https://kelverssg.github.io/vault-sim/vault-state.json?t=1774065254309 → pending (?ms, ?B)
[2026-03-21T03:55:14.471Z] GET https://kelverssg.github.io/vault-sim/vault-state.json?t=1774065314309 → pending (?ms, ?B)
[2026-03-21T03:56:14.390Z] GET https://kelverssg.github.io/vault-sim/vault-state.json?t=1774065374310 → 200 (271ms, 329B)
[2026-03-21T03:57:14.480Z] GET https://kelverssg.github.io/vault-sim/vault-state.json?t=1774065434311 → pending (?ms, ?B)
[2026-03-21T03:58:14.447Z] GET https://kelverssg.github.io/vault-sim/vault-state.json?t=1774065494310 → 200 (285ms, 329B)
[2026-03-21T03:59:14.405Z] GET https://kelverssg.github.io/vault-sim/vault-state.json?t=1774065554311 → pending (?ms, ?B)
[2026-03-21T04:00:14.407Z] GET https://kelverssg.github.io/vault-sim/vault-state.json?t=1774065614310 → 200 (222ms, 329B)
[2026-03-21T04:01:14.388Z] GET https://kelverssg.github.io/vault-sim/vault-state.json?t=1774065674310 → 200 (260ms, 329B)
[2026-03-21T04:02:14.398Z] GET https://kelverssg.github.io/vault-sim/vault-state.json?t=1774065734310 → 200 (246ms, 329B)
[2026-03-21T04:03:14.479Z] GET https://kelverssg.github.io/vault-sim/vault-state.json?t=1774065794311 → pending (?ms, ?B)
[2026-03-21T04:04:14.384Z] GET https://kelverssg.github.io/vault-sim/vault-state.json?t=1774065854311 → 200 (245ms, 329B)
[2026-03-21T04:05:14.326Z] GET https://kelverssg.github.io/vault-sim/vault-state.json?t=1774065914310 → 200 (243ms, 329B)
[2026-03-21T04:06:14.320Z] GET https://kelverssg.github.io/vault-sim/vault-state.json?t=1774065974309 → 200 (289ms, 329B)
[2026-03-21T04:07:14.382Z] GET https://kelverssg.github.io/vault-sim/vault-state.json?t=1774066034311 → 200 (291ms, 329B)
